app/build/intermediates/manifest_merge_blame_file/debug/manifest-merger-blame-debug-report.txt
1<?xml version="1.0" encoding="utf-8"?>
2<manifest xmlns:android="http://schemas.android.com/apk/res/android"
3    package="br.com.sg2l2.pizzou"
4    android:versionCode="1"
5    android:versionName="1.0" >
6
7    <uses-sdk
8        android:minSdkVersion="28"
8-->src\main\AndroidManifest.xml
9        android:targetSdkVersion="30" />
9-->src\main\AndroidManifest.xml
10
11    <uses-permission android:name="android.permission.INTERNET" />
11-->src\main\AndroidManifest.xml:5:5-67
11-->src\main\AndroidManifest.xml:5:22-64
12
13    <application
13-->src\main\AndroidManifest.xml:7:5-37:19
14        android:name="br.com.sg2l2.pizzou.PizzouApplication"
14-->src\main\AndroidManifest.xml:8:9-42
15        android:allowBackup="true"
15-->src\main\AndroidManifest.xml:9:9-35
16        android:appComponentFactory="androidx.core.app.CoreComponentFactory"
16-->[androidx.core:core:1.3.1] AndroidManifest.xml:24:18-86
17        android:debuggable="true"
18        android:extractNativeLibs="false"
19        android:icon="@mipmap/ic_launcher"
19-->src\main\AndroidManifest.xml:10:9-43
20        android:label="@string/app_name"
20-->src\main\AndroidManifest.xml:11:9-41
21        android:roundIcon="@mipmap/ic_launcher_round"
21-->src\main\AndroidManifest.xml:12:9-54
22        android:supportsRtl="true"
22-->src\main\AndroidManifest.xml:13:9-35
23        android:testOnly="true"
24        android:theme="@style/AppTheme" >
24-->src\main\AndroidManifest.xml:14:9-40
25        <activity android:name="br.com.sg2l2.pizzou.NovoProdutoActivity" />
25-->src\main\AndroidManifest.xml:15:9-66
25-->src\main\AndroidManifest.xml:15:19-54
26        <activity android:name="br.com.sg2l2.pizzou.CardapioDetailActivity" />
26-->src\main\AndroidManifest.xml:16:9-60
26-->src\main\AndroidManifest.xml:16:19-57
27        <activity
27-->src\main\AndroidManifest.xml:17:9-19:55
28            android:name="br.com.sg2l2.pizzou.ConfigActivity"
28-->src\main\AndroidManifest.xml:18:13-43
29            android:theme="@style/AppTheme.Toolbar" />
29-->src\main\AndroidManifest.xml:19:13-52
30        <activity
30-->src\main\AndroidManifest.xml:20:9-22:55
31            android:name="br.com.sg2l2.pizzou.PromocaoActivity"
31-->src\main\AndroidManifest.xml:21:13-45
32            android:theme="@style/AppTheme.Toolbar" />
32-->src\main\AndroidManifest.xml:22:13-52
33        <activity android:name="br.com.sg2l2.pizzou.TaxaEntregaActivity" />
33-->src\main\AndroidManifest.xml:23:9-57
33-->src\main\AndroidManifest.xml:23:19-54
34        <activity
34-->src\main\AndroidManifest.xml:24:9-26:55
35            android:name="br.com.sg2l2.pizzou.CardapioActivity"
35-->src\main\AndroidManifest.xml:25:13-45
36            android:theme="@style/AppTheme.Toolbar" />
36-->src\main\AndroidManifest.xml:26:13-52
37        <activity
37-->src\main\AndroidManifest.xml:27:9-29:55
38            android:name="br.com.sg2l2.pizzou.MenuActivity"
38-->src\main\AndroidManifest.xml:28:13-41
39            android:theme="@style/AppTheme.Toolbar" />
39-->src\main\AndroidManifest.xml:29:13-52
40        <activity android:name="br.com.sg2l2.pizzou.MainActivity" >
40-->src\main\AndroidManifest.xml:30:9-36:20
40-->src\main\AndroidManifest.xml:30:19-47
41            <intent-filter>
41-->src\main\AndroidManifest.xml:31:13-35:29
42                <action android:name="android.intent.action.MAIN" />
42-->src\main\AndroidManifest.xml:32:17-69
42-->src\main\AndroidManifest.xml:32:25-66
43
44                <category android:name="android.intent.category.LAUNCHER" />
44-->src\main\AndroidManifest.xml:34:17-77
44-->src\main\AndroidManifest.xml:34:27-74
45            </intent-filter>
46        </activity>
47
48        <service
48-->[androidx.room:room-runtime:2.2.3] AndroidManifest.xml:25:9-27:40
49            android:name="androidx.room.MultiInstanceInvalidationService"
49-->[androidx.room:room-runtime:2.2.3] AndroidManifest.xml:26:13-74
50            android:exported="false" />
50-->[androidx.room:room-runtime:2.2.3] AndroidManifest.xml:27:13-37
51    </application>
52
53</manifest>